[debug] [2017-12-19T00:16:54.618Z] ----------------------------------------------------------------------
[debug] [2017-12-19T00:16:54.620Z] Command:       /usr/local/Cellar/node/9.3.0_1/bin/node /usr/local/bin/firebase deploy
[debug] [2017-12-19T00:16:54.620Z] CLI Version:   3.16.0
[debug] [2017-12-19T00:16:54.620Z] Platform:      darwin
[debug] [2017-12-19T00:16:54.620Z] Node Version:  v9.3.0
[debug] [2017-12-19T00:16:54.621Z] Time:          Mon Dec 18 2017 18:16:54 GMT-0600 (CST)
[debug] [2017-12-19T00:16:54.621Z] ----------------------------------------------------------------------
[debug] 
[debug] [2017-12-19T00:16:54.633Z] > command requires scopes: ["email","openid","https://www.googleapis.com/auth/cloudplatformprojects.readonly","https://www.googleapis.com/auth/firebase","https://www.googleapis.com/auth/cloud-platform"]
[debug] [2017-12-19T00:16:54.633Z] > authorizing via signed-in user
[debug] [2017-12-19T00:16:54.635Z] >>> HTTP REQUEST GET https://admin.firebase.com/v1/projects/myhomecapstone  
  
 Mon Dec 18 2017 18:16:54 GMT-0600 (CST)
[debug] [2017-12-19T00:16:57.336Z] <<< HTTP RESPONSE 200
[debug] [2017-12-19T00:16:57.337Z] >>> HTTP REQUEST GET https://admin.firebase.com/v1/database/myhomecapstone/tokens  
  
 Mon Dec 18 2017 18:16:57 GMT-0600 (CST)
[debug] [2017-12-19T00:17:57.628Z] <<< HTTP RESPONSE 200
[info] 
[warn] ⚠  Your CLI authentication needs to be updated to take advantage of new features.
[warn] ⚠  Please run firebase login --reauth
[info] 
[debug] [2017-12-19T00:17:57.636Z] > command requires scopes: ["email","openid","https://www.googleapis.com/auth/cloudplatformprojects.readonly","https://www.googleapis.com/auth/firebase"]
[debug] [2017-12-19T00:17:57.636Z] > authorizing via signed-in user
[debug] [2017-12-19T00:17:57.636Z] > refreshing access token with scopes: ["email","https://www.googleapis.com/auth/cloudplatformprojects.readonly","https://www.googleapis.com/auth/firebase","openid"]
[debug] [2017-12-19T00:17:57.637Z] >>> HTTP REQUEST POST https://www.googleapis.com/oauth2/v3/token  
 { refresh_token: '1/Cp5KlTasy4BbUIs-Ce1xPX-bvUwuSwZReyOuKrBXhlA',
  client_id: '563584335869-fgrhgmd47bqnekij5i8b5pr03ho849e6.apps.googleusercontent.com',
  client_secret: 'j9iVZfS8kkCEFUPaAeJV0sAi',
  grant_type: 'refresh_token',
  scope: 'email https://www.googleapis.com/auth/cloudplatformprojects.readonly https://www.googleapis.com/auth/firebase openid' } 
 Mon Dec 18 2017 18:17:57 GMT-0600 (CST)
[debug] [2017-12-19T00:17:57.864Z] <<< HTTP RESPONSE 200
[debug] [2017-12-19T00:17:57.877Z] >>> HTTP REQUEST GET https://admin.firebase.com/v1/projects/myhomecapstone  
  
 Mon Dec 18 2017 18:17:57 GMT-0600 (CST)
[debug] [2017-12-19T00:17:58.160Z] <<< HTTP RESPONSE 200
[debug] [2017-12-19T00:17:58.162Z] >>> HTTP REQUEST GET https://admin.firebase.com/v1/database/myhomecapstone/tokens  
  
 Mon Dec 18 2017 18:17:58 GMT-0600 (CST)
